<?xml version="1.0" encoding="UTF-8"?>
<!-- Generated by org.testng.reporters.JUnitReportReporter -->
<testsuite hostname="Venkatesh" failures="0" tests="4" name="TestCases.userTestCases" time="7.740" errors="0" timestamp="2024-01-24T17:08:57 IST" skipped="0">
  <testcase classname="TestCases.userTestCases" name="testPostUser" time="2.483"/>
  <system-out/>
  <testcase classname="TestCases.userTestCases" name="testGetUserName" time="1.230"/>
  <system-out/>
  <testcase classname="TestCases.userTestCases" name="updateUserDetails" time="2.641"/>
  <system-out/>
  <testcase classname="TestCases.userTestCases" name="deleteUserDetails" time="1.386"/>
  <system-out/>
</testsuite> <!-- TestCases.userTestCases -->
