<?xml version="1.0" encoding="UTF-8"?>
<!-- Generated by org.testng.reporters.JUnitReportReporter -->
<testsuite hostname="Venkatesh" failures="0" tests="4" name="TestCases.userTestCases" time="10.432" errors="0" timestamp="2024-01-24T21:53:32 IST" skipped="0">
  <testcase classname="TestCases.userTestCases" name="testPostUser" time="4.025"/>
  <system-out/>
  <testcase classname="TestCases.userTestCases" name="testGetUserName" time="1.747"/>
  <system-out/>
  <testcase classname="TestCases.userTestCases" name="updateUserDetails" time="3.176"/>
  <system-out/>
  <testcase classname="TestCases.userTestCases" name="deleteUserDetails" time="1.484"/>
  <system-out/>
</testsuite> <!-- TestCases.userTestCases -->
